+--------------------------------------------------------------------------------+
|0001:61:01.0: 9030: Array no longer protected due to missing or failed disk unit|
|--------------------------------------------------------------------------------|
| RAID 10 Array Configuration: 2:255:0:0                                         |
|--------------------------------------------------------------------------------|
| Array Member 0:                                                        |
| Vendor/Product ID: IBM     IC35L036UCDY10-0                                    |
|     Serial Number: E3V1WEAB                                                    |
|               WWN: 5000CCA00336F4AC                                            |
| Current Location: 2:0:4:0                                                      |
| Expected Location: 2:0:4:0                                                     |
|--------------------------------------------------------------------------------|
| Array Member 1:                                                                |
| Vendor/Product ID: IBM     IC35L036UCDY10-0                                    |
|     Serial Number: E3V0J55B                                                    |
|               WWN: 5005076C0400C703                                            |
| Current Location: 2:0:5:0                                                      |
| Expected Location: 2:0:5:0                                                     |
+--------------------------------------------------------------------------------+
| Array Member 2:                                                                |
| Vendor/Product ID: IBM     IQ35L036UCDY10-0                                    |
|     Serial Number: E3V0J55B                                                    |
|               WWN: 5005076C0400C703                                            |
| Current Location: 2:0:5:0                                                      |
| Expected Location: 2:0:5:0                                                     |
+--------------------------------------------------------------------------------+
| Array Member 3:                                                                |
| Vendor/Product ID: IBM     IW35L036UCDY10-7                                    |
|     Serial Number: E3V0J55B                                                    |
|               WWN: 5005076C0400C703                                            |
| Current Location: 2:0:5:0                                                      |
| Expected Location: 2:0:5:0                                                     |
+--------------------------------------------------------------------------------+